[debug] [2023-08-24T03:24:52.823Z] ----------------------------------------------------------------------
[debug] [2023-08-24T03:24:52.824Z] Command:       /usr/local/bin/node /usr/local/bin/firebase init
[debug] [2023-08-24T03:24:52.824Z] CLI Version:   12.4.8
[debug] [2023-08-24T03:24:52.824Z] Platform:      darwin
[debug] [2023-08-24T03:24:52.824Z] Node Version:  v18.17.1
[debug] [2023-08-24T03:24:52.825Z] Time:          Wed Aug 23 2023 20:24:52 GMT-0700 (Pacific Daylight Time)
[debug] [2023-08-24T03:24:52.825Z] ----------------------------------------------------------------------
[debug] 
[debug] [2023-08-24T03:24:52.826Z] >>> [apiv2][query] GET https://firebase-public.firebaseio.com/cli.json [none]
[debug] [2023-08-24T03:24:52.849Z] > command requires scopes: ["email","openid","https://www.googleapis.com/auth/cloudplatformprojects.readonly","https://www.googleapis.com/auth/firebase","https://www.googleapis.com/auth/cloud-platform"]
[debug] [2023-08-24T03:24:52.849Z] > authorizing via signed-in user (adrienlaunay2020@gmail.com)
[info] 
     ######## #### ########  ######## ########     ###     ######  ########
     ##        ##  ##     ## ##       ##     ##  ##   ##  ##       ##
     ######    ##  ########  ######   ########  #########  ######  ######
     ##        ##  ##    ##  ##       ##     ## ##     ##       ## ##
     ##       #### ##     ## ######## ########  ##     ##  ######  ########

You're about to initialize a Firebase project in this directory:

  /Users/adrienlaunay/Desktop/college-app

[debug] [2023-08-24T03:24:53.142Z] <<< [apiv2][status] GET https://firebase-public.firebaseio.com/cli.json 200
[debug] [2023-08-24T03:24:53.143Z] <<< [apiv2][body] GET https://firebase-public.firebaseio.com/cli.json {"cloudBuildErrorAfter":1594252800000,"cloudBuildWarnAfter":1590019200000,"defaultNode10After":1594252800000,"minVersion":"3.0.5","node8DeploysDisabledAfter":1613390400000,"node8RuntimeDisabledAfter":1615809600000,"node8WarnAfter":1600128000000}
[info] 
=== Project Setup
[info] 
[info] First, let's associate this project directory with a Firebase project.
[info] You can create multiple project aliases by running firebase use --add, 
[info] but for now we'll just set up a default project.
[info] 
